<?xml version="1.0" encoding="UTF-8"?>
<!-- Generated by org.testng.reporters.JUnitXMLReporter -->
<testsuite hostname="Sairam" ignored="0" name="Grid classes" tests="8" failures="0" timestamp="2021-01-13T22:41:51 IST" time="70.763" errors="0">
  <testcase name="searchDress" time="2.49" classname="classwork.grid.GridDemo2"/>
  <testcase name="searchDress" time="9.193" classname="classwork.grid.GridDemo1"/>
  <testcase name="searchDress" time="7.665" classname="classwork.grid.GridDemo1"/>
  <testcase name="searchDress" time="8.899" classname="classwork.grid.GridDemo1"/>
  <testcase name="searchDress" time="9.165" classname="classwork.grid.GridDemo1"/>
  <testcase name="searchDress" time="8.569" classname="classwork.grid.GridDemo1"/>
  <testcase name="createNewUser" time="44.981" classname="classwork.grid.GridDemo2"/>
  <testcase name="close" time="6.167" classname="classwork.grid.GridDemo1"/>
</testsuite> <!-- Grid classes -->
